<?xml version="1.0" encoding="UTF-8"?>
<!-- Generated by org.testng.reporters.JUnitXMLReporter -->
<testsuite ignored="1" hostname="IN-PG02NKDN" failures="0" tests="1" name="Default test" time="2.314" errors="0" timestamp="2022-03-02T16:27:05 IST">
  <testcase classname="userApiTest.ComplexJsonVerfication" name="nestedJsonVerification" time="2.28"/>
  <testcase classname="userApiTest.ComplexJsonVerfication" name="responseVerify" time="0.0">
    <ignored/>
  </testcase> <!-- responseVerify -->
</testsuite> <!-- Default test -->
