<?xml version="1.0" encoding="UTF-8"?>
<testng-results ignored="0" total="1" passed="1" failed="0" skipped="0">
  <reporter-output>
  </reporter-output>
  <suite started-at="2022-03-01T17:30:55 IST" name="Default suite" finished-at="2022-03-01T17:30:57 IST" duration-ms="2280">
    <groups>
    </groups>
    <test started-at="2022-03-01T17:30:55 IST" name="Default test" finished-at="2022-03-01T17:30:57 IST" duration-ms="2280">
      <class name="userApiTest.ComplexJsonVerfication">
        <test-method signature="responseVerify()[pri:0, instance:userApiTest.ComplexJsonVerfication@28f3b248]" started-at="2022-03-01T17:30:55 IST" name="responseVerify" finished-at="2022-03-01T17:30:57 IST" duration-ms="2253" status="PASS">
          <reporter-output>
          </reporter-output>
        </test-method> <!-- responseVerify -->
      </class> <!-- userApiTest.ComplexJsonVerfication -->
    </test> <!-- Default test -->
  </suite> <!-- Default suite -->
</testng-results>
