<?xml version="1.0" encoding="UTF-8"?>
<testng-results ignored="0" total="1" passed="1" failed="0" skipped="0">
  <reporter-output>
  </reporter-output>
  <suite started-at="2022-02-28T17:37:03 IST" name="Default suite" finished-at="2022-02-28T17:37:05 IST" duration-ms="1796">
    <groups>
    </groups>
    <test started-at="2022-02-28T17:37:03 IST" name="Default test" finished-at="2022-02-28T17:37:05 IST" duration-ms="1796">
      <class name="userApiTest.PostApiAutomateTest">
        <test-method is-config="true" signature="baseTest()[pri:0, instance:userApiTest.PostApiAutomateTest@f5acb9d]" started-at="2022-02-28T17:37:03 IST" name="baseTest" finished-at="2022-02-28T17:37:03 IST" duration-ms="544" status="PASS">
          <reporter-output>
          </reporter-output>
        </test-method> <!-- baseTest -->
        <test-method signature="postApiTest()[pri:0, instance:userApiTest.PostApiAutomateTest@f5acb9d]" started-at="2022-02-28T17:37:03 IST" name="postApiTest" finished-at="2022-02-28T17:37:05 IST" duration-ms="1219" status="PASS">
          <reporter-output>
          </reporter-output>
        </test-method> <!-- postApiTest -->
      </class> <!-- userApiTest.PostApiAutomateTest -->
    </test> <!-- Default test -->
  </suite> <!-- Default suite -->
</testng-results>
